2020-03-27 11:26:16,767 INFO o.a.j.u.JMeterUtils: Setting Locale to en_EN
2020-03-27 11:26:16,780 INFO o.a.j.JMeter: Loading user properties from: user.properties
2020-03-27 11:26:16,780 INFO o.a.j.JMeter: Loading system properties from: system.properties
2020-03-27 11:26:16,782 INFO o.a.j.JMeter: Copyright (c) 1998-2019 The Apache Software Foundation
2020-03-27 11:26:16,782 INFO o.a.j.JMeter: Version 5.2.1
2020-03-27 11:26:16,782 INFO o.a.j.JMeter: java.version=1.8.0_242
2020-03-27 11:26:16,782 INFO o.a.j.JMeter: java.vm.name=OpenJDK 64-Bit Server VM
2020-03-27 11:26:16,782 INFO o.a.j.JMeter: os.name=Linux
2020-03-27 11:26:16,782 INFO o.a.j.JMeter: os.arch=amd64
2020-03-27 11:26:16,782 INFO o.a.j.JMeter: os.version=5.3.0-42-generic
2020-03-27 11:26:16,782 INFO o.a.j.JMeter: file.encoding=UTF-8
2020-03-27 11:26:16,782 INFO o.a.j.JMeter: java.awt.headless=null
2020-03-27 11:26:16,782 INFO o.a.j.JMeter: Max memory     =1073741824
2020-03-27 11:26:16,783 INFO o.a.j.JMeter: Available Processors =8
2020-03-27 11:26:16,786 INFO o.a.j.JMeter: Default Locale=English (EN)
2020-03-27 11:26:16,786 INFO o.a.j.JMeter: JMeter  Locale=English (EN)
2020-03-27 11:26:16,786 INFO o.a.j.JMeter: JMeterHome=/home/prasad/Downloads/apache-jmeter-5.2.1
2020-03-27 11:26:16,786 INFO o.a.j.JMeter: user.dir  =/home/prasad/Downloads/apache-jmeter-5.2.1/bin
2020-03-27 11:26:16,787 INFO o.a.j.JMeter: PWD       =/home/prasad/Downloads/apache-jmeter-5.2.1/bin
2020-03-27 11:26:16,787 INFO o.a.j.JMeter: IP: 127.0.1.1 Name: Katherine FullName: Katherine
2020-03-27 11:26:16,842 ERROR o.a.j.JMeter: An error occurred: 
java.awt.AWTError: Assistive Technology not found: org.GNOME.Accessibility.AtkWrapper
	at java.awt.Toolkit.loadAssistiveTechnologies(Toolkit.java:807) ~[?:1.8.0_242]
	at java.awt.Toolkit.getDefaultToolkit(Toolkit.java:886) ~[?:1.8.0_242]
	at java.awt.Window.getToolkit(Window.java:1358) ~[?:1.8.0_242]
	at java.awt.Window.init(Window.java:506) ~[?:1.8.0_242]
	at java.awt.Window.<init>(Window.java:537) ~[?:1.8.0_242]
	at java.awt.Frame.<init>(Frame.java:420) ~[?:1.8.0_242]
	at java.awt.Frame.<init>(Frame.java:385) ~[?:1.8.0_242]
	at javax.swing.SwingUtilities$SharedOwnerFrame.<init>(SwingUtilities.java:1763) ~[?:1.8.0_242]
	at javax.swing.SwingUtilities.getSharedOwnerFrame(SwingUtilities.java:1838) ~[?:1.8.0_242]
	at javax.swing.JWindow.<init>(JWindow.java:187) ~[?:1.8.0_242]
	at javax.swing.JWindow.<init>(JWindow.java:139) ~[?:1.8.0_242]
	at org.apache.jmeter.SplashScreen.<init>(SplashScreen.java:45) ~[ApacheJMeter_core.jar:5.2.1]
	at org.apache.jmeter.JMeter.startGui(JMeter.java:376) ~[ApacheJMeter_core.jar:5.2.1]
	at org.apache.jmeter.JMeter.start(JMeter.java:545) [ApacheJMeter_core.jar:5.2.1]
	at sun.reflect.NativeMethodAccessorImpl.invoke0(Native Method) ~[?:1.8.0_242]
	at sun.reflect.NativeMethodAccessorImpl.invoke(NativeMethodAccessorImpl.java:62) ~[?:1.8.0_242]
	at sun.reflect.DelegatingMethodAccessorImpl.invoke(DelegatingMethodAccessorImpl.java:43) ~[?:1.8.0_242]
	at java.lang.reflect.Method.invoke(Method.java:498) ~[?:1.8.0_242]
	at org.apache.jmeter.NewDriver.main(NewDriver.java:253) [ApacheJMeter.jar:5.2.1]
