2020-03-27 11:32:38,103 INFO o.a.j.u.JMeterUtils: Setting Locale to en_EN
2020-03-27 11:32:38,116 INFO o.a.j.JMeter: Loading user properties from: /home/prasad/Downloads/apache-jmeter-5.2.1/bin/user.properties
2020-03-27 11:32:38,116 INFO o.a.j.JMeter: Loading system properties from: /home/prasad/Downloads/apache-jmeter-5.2.1/bin/system.properties
2020-03-27 11:32:38,118 INFO o.a.j.JMeter: Copyright (c) 1998-2019 The Apache Software Foundation
2020-03-27 11:32:38,118 INFO o.a.j.JMeter: Version 5.2.1
2020-03-27 11:32:38,118 INFO o.a.j.JMeter: java.version=1.8.0_242
2020-03-27 11:32:38,118 INFO o.a.j.JMeter: java.vm.name=OpenJDK 64-Bit Server VM
2020-03-27 11:32:38,118 INFO o.a.j.JMeter: os.name=Linux
2020-03-27 11:32:38,118 INFO o.a.j.JMeter: os.arch=amd64
2020-03-27 11:32:38,118 INFO o.a.j.JMeter: os.version=5.3.0-42-generic
2020-03-27 11:32:38,118 INFO o.a.j.JMeter: file.encoding=UTF-8
2020-03-27 11:32:38,118 INFO o.a.j.JMeter: java.awt.headless=true
2020-03-27 11:32:38,118 INFO o.a.j.JMeter: Max memory     =1073741824
2020-03-27 11:32:38,118 INFO o.a.j.JMeter: Available Processors =8
2020-03-27 11:32:38,122 INFO o.a.j.JMeter: Default Locale=English (EN)
2020-03-27 11:32:38,122 INFO o.a.j.JMeter: JMeter  Locale=English (EN)
2020-03-27 11:32:38,122 INFO o.a.j.JMeter: JMeterHome=/home/prasad/Downloads/apache-jmeter-5.2.1
2020-03-27 11:32:38,122 INFO o.a.j.JMeter: user.dir  =/home/prasad/Downloads/apache-jmeter-5.2.1
2020-03-27 11:32:38,122 INFO o.a.j.JMeter: PWD       =/home/prasad/Downloads/apache-jmeter-5.2.1
2020-03-27 11:32:38,122 INFO o.a.j.JMeter: IP: 127.0.1.1 Name: Katherine FullName: Katherine
2020-03-27 11:32:38,126 INFO o.a.j.s.FileServer: Default base='/home/prasad/Downloads/apache-jmeter-5.2.1'
2020-03-27 11:32:38,130 INFO o.a.j.s.FileServer: Set new base='/home/prasad/Downloads/apache-jmeter-5.2.1/..'
2020-03-27 11:32:38,262 INFO o.a.j.s.SaveService: Testplan (JMX) version: 2.2. Testlog (JTL) version: 2.2
2020-03-27 11:32:38,272 INFO o.a.j.s.SaveService: Using SaveService properties file encoding UTF-8
2020-03-27 11:32:38,276 INFO o.a.j.s.SaveService: Using SaveService properties version 5.0
2020-03-27 11:32:38,286 INFO o.a.j.s.SaveService: Loading file: ../HTTP Request Defaults.jmx
2020-03-27 11:32:38,336 INFO o.a.j.p.h.s.HTTPSamplerBase: Parser for text/html is org.apache.jmeter.protocol.http.parser.LagartoBasedHtmlParser
2020-03-27 11:32:38,336 INFO o.a.j.p.h.s.HTTPSamplerBase: Parser for application/xhtml+xml is org.apache.jmeter.protocol.http.parser.LagartoBasedHtmlParser
2020-03-27 11:32:38,336 INFO o.a.j.p.h.s.HTTPSamplerBase: Parser for application/xml is org.apache.jmeter.protocol.http.parser.LagartoBasedHtmlParser
2020-03-27 11:32:38,336 INFO o.a.j.p.h.s.HTTPSamplerBase: Parser for text/xml is org.apache.jmeter.protocol.http.parser.LagartoBasedHtmlParser
2020-03-27 11:32:38,336 INFO o.a.j.p.h.s.HTTPSamplerBase: Parser for text/vnd.wap.wml is org.apache.jmeter.protocol.http.parser.RegexpHTMLParser
2020-03-27 11:32:38,336 INFO o.a.j.p.h.s.HTTPSamplerBase: Parser for text/css is org.apache.jmeter.protocol.http.parser.CssParser
2020-03-27 11:32:38,358 INFO o.a.j.JMeter: Creating summariser <summary>
2020-03-27 11:32:38,364 INFO o.a.j.e.StandardJMeterEngine: Running the test!
2020-03-27 11:32:38,365 INFO o.a.j.s.SampleEvent: List of sample_variables: []
2020-03-27 11:32:38,365 INFO o.a.j.s.SampleEvent: List of sample_variables: []
2020-03-27 11:32:38,370 INFO o.a.j.e.u.CompoundVariable: Note: Function class names must contain the string: '.functions.'
2020-03-27 11:32:38,370 INFO o.a.j.e.u.CompoundVariable: Note: Function class names must not contain the string: '.gui.'
2020-03-27 11:32:38,714 INFO o.a.j.JMeter: Running test (1585288958714)
2020-03-27 11:32:38,742 INFO o.a.j.e.StandardJMeterEngine: Starting ThreadGroup: 1 : Thread Group
2020-03-27 11:32:38,742 INFO o.a.j.e.StandardJMeterEngine: Starting 1 threads for group Thread Group.
2020-03-27 11:32:38,742 INFO o.a.j.e.StandardJMeterEngine: Thread will continue on error
2020-03-27 11:32:38,742 INFO o.a.j.t.ThreadGroup: Starting thread group... number=1 threads=1 ramp-up=1 delayedStart=false
2020-03-27 11:32:38,746 INFO o.a.j.t.ThreadGroup: Started thread group number 1
2020-03-27 11:32:38,746 INFO o.a.j.e.StandardJMeterEngine: All thread groups have been started
2020-03-27 11:32:38,748 INFO o.a.j.t.JMeterThread: Thread started: Thread Group 1-1
2020-03-27 11:32:38,766 INFO o.a.j.p.h.s.HTTPHCAbstractImpl: Local host = Katherine
2020-03-27 11:32:38,774 INFO o.a.j.p.h.s.HTTPHC4Impl: HTTP request retry count = 0
2020-03-27 11:32:38,776 INFO o.a.j.s.SampleResult: Note: Sample TimeStamps are START times
2020-03-27 11:32:38,776 INFO o.a.j.s.SampleResult: sampleresult.default.encoding is set to ISO-8859-1
2020-03-27 11:32:38,776 INFO o.a.j.s.SampleResult: sampleresult.useNanoTime=true
2020-03-27 11:32:38,776 INFO o.a.j.s.SampleResult: sampleresult.nanoThreadSleep=5000
2020-03-27 11:32:38,869 INFO o.a.j.t.JMeterThread: Thread is done: Thread Group 1-1
2020-03-27 11:32:38,870 INFO o.a.j.t.JMeterThread: Thread finished: Thread Group 1-1
2020-03-27 11:32:38,870 INFO o.a.j.e.StandardJMeterEngine: Notifying test listeners of end of test
2020-03-27 11:32:38,871 INFO o.a.j.r.Summariser: summary =      1 in 00:00:00 =    6.4/s Avg:    24 Min:    24 Max:    24 Err:     1 (100.00%)
